{"name": "test_login_and_send_message", "status": "broken", "statusDetails": {"message": "selenium.common.exceptions.TimeoutException: Message: Can't find element by locator ('xpath', '/html/body/div[23]/div/div/div/div[1]/div[3]/div[1]/div[1]/div/div/div/div[3]/div/div/div[4]/table/tbody/tr/td[2]/table/tbody/tr[2]/td/div/div/div[4]/table/tbody/tr/td[1]/div/div[2]/div[1]')\nStacktrace:\nBacktrace:\n\tOrdinal0 [0x0124FDC3+2555331]\n\tOrdinal0 [0x011E77F1+2127857]\n\tOrdinal0 [0x010E2E08+1060360]\n\tOrdinal0 [0x0110E49E+1238174]\n\tOrdinal0 [0x0110E69B+1238683]\n\tOrdinal0 [0x01139252+1413714]\n\tOrdinal0 [0x01127B54+1342292]\n\tOrdinal0 [0x011375FA+1406458]\n\tOrdinal0 [0x01127976+1341814]\n\tOrdinal0 [0x011036B6+1193654]\n\tOrdinal0 [0x01104546+1197382]\n\tGetHandleVerifier [0x013E9622+1619522]\n\tGetHandleVerifier [0x0149882C+2336844]\n\tGetHandleVerifier [0x012E23E1+541697]\n\tGetHandleVerifier [0x012E1443+537699]\n\tOrdinal0 [0x011ED18E+2150798]\n\tOrdinal0 [0x011F1518+2168088]\n\tOrdinal0 [0x011F1660+2168416]\n\tOrdinal0 [0x011FB330+2208560]\n\tBaseThreadInitThunk [0x7737FA29+25]\n\tRtlGetAppContainerNamedObjectPath [0x77D97A9E+286]\n\tRtlGetAppContainerNamedObjectPath [0x77D97A6E+238]", "trace": "browser = <selenium.webdriver.chrome.webdriver.WebDriver (session=\"c9e53ccaa537820010286d85b0126466\")>\n\n    @allure.feature('MailTest')\n    @allure.story('Тест входа в почтовый ящик, подсчета определенных сообщений и отправки их количества')\n    def test_login_and_send_message(browser):\n        # открытие страницы логина\n        with allure.step('открытие страницы логина'):\n            page = LoginPage(browser=browser)\n            page.open()\n        # ввод логина\n        with allure.step('ввод логина'):\n            page.enter_login(login=login)\n            page.submit_click(flag='login')\n    \n        with allure.step('ввод пароля'):\n        # ввод пароля\n            browser.implicitly_wait(2)\n            page.enter_password(password=password)\n            page.submit_click(flag='password')\n        time.sleep(2)\n    \n        with allure.step('открытие почтового ящика, т.к. идем через костыль'):\n        # открытие почтового ящика, т.к. идем через костыль\n            page = MailPage(browser)\n            page.open()\n    \n        with allure.step('подсчет сообщений с нужным текстом'):\n        # подсчет сообщений с нужным текстом\n            message_count = page.count_of_target_massages(text='Simbirsoft Тестовое задание')\n    \n        with allure.step('создание сообщения'):\n        # создание сообщения\n            page.button_click(flag='write')\n        # ввод данных\n        time.sleep(2)\n        with allure.step('ввод адресата'):\n            page.input_info(info_text=login, flag='destination')\n    \n        with allure.step('ввод темы'):\n            page.input_info(info_text=last_name, flag='topic')\n    \n        with allure.step('ввод текста сообщения'):\n            page.input_info(info_text=message_count, flag='mail_text')\n        # отправка сообщения\n        with allure.step('отправка сообщения'):\n>           page.button_click(flag='send')\n\ntest_mail_page.py:54: \n_ _ _ _ _ _ _ _ _ _ _ _ _ _ _ _ _ _ _ _ _ _ _ _ _ _ _ _ _ _ _ _ _ _ _ _ _ _ _ _ _ _ _ _ _ _ _ _ _ _ _ _ _ _ _ _ _ _ _ _ _ _ _ _ _ _ _ _ _ _ _ _ _ _ _ _ _ _ _ _ _ _ _ _ _ _ _ _ _ _ _ _ _ _ _ _ _ _ _ _ _ _ _ _ _ _ _ _ _ _ _ _ _ _ _ _\npages\\mail_page.py:21: in button_click\n    return self.find_element(MailBoxPageLocators.SEND_KEY).click()\npages\\base_page.py:14: in find_element\n    return WebDriverWait(self.browser, time).until(EC.presence_of_element_located(locator),\n_ _ _ _ _ _ _ _ _ _ _ _ _ _ _ _ _ _ _ _ _ _ _ _ _ _ _ _ _ _ _ _ _ _ _ _ _ _ _ _ _ _ _ _ _ _ _ _ _ _ _ _ _ _ _ _ _ _ _ _ _ _ _ _ _ _ _ _ _ _ _ _ _ _ _ _ _ _ _ _ _ _ _ _ _ _ _ _ _ _ _ _ _ _ _ _ _ _ _ _ _ _ _ _ _ _ _ _ _ _ _ _ _ _ _ _\n\nself = <selenium.webdriver.support.wait.WebDriverWait (session=\"c9e53ccaa537820010286d85b0126466\")>, method = <function presence_of_element_located.<locals>._predicate at 0x000002366E188700>\nmessage = \"Can't find element by locator ('xpath', '/html/body/div[23]/div/div/div/div[1]/div[3]/div[1]/div[1]/div/div/div/div[3]/div/div/div[4]/table/tbody/tr/td[2]/table/tbody/tr[2]/td/div/div/div[4]/table/tbody/tr/td[1]/div/div[2]/div[1]')\"\n\n    def until(self, method, message=''):\n        \"\"\"Calls the method provided with the driver as an argument until the \\\n        return value does not evaluate to ``False``.\n    \n        :param method: callable(WebDriver)\n        :param message: optional message for :exc:`TimeoutException`\n        :returns: the result of the last call to `method`\n        :raises: :exc:`selenium.common.exceptions.TimeoutException` if timeout occurs\n        \"\"\"\n        screen = None\n        stacktrace = None\n    \n        end_time = time.time() + self._timeout\n        while True:\n            try:\n                value = method(self._driver)\n                if value:\n                    return value\n            except InvalidSelectorException as e:\n                raise e\n            except self._ignored_exceptions as exc:\n                screen = getattr(exc, 'screen', None)\n                stacktrace = getattr(exc, 'stacktrace', None)\n            time.sleep(self._poll)\n            if time.time() > end_time:\n                break\n>       raise TimeoutException(message, screen, stacktrace)\nE       selenium.common.exceptions.TimeoutException: Message: Can't find element by locator ('xpath', '/html/body/div[23]/div/div/div/div[1]/div[3]/div[1]/div[1]/div/div/div/div[3]/div/div/div[4]/table/tbody/tr/td[2]/table/tbody/tr[2]/td/div/div/div[4]/table/tbody/tr/td[1]/div/div[2]/div[1]')\nE       Stacktrace:\nE       Backtrace:\nE       \tOrdinal0 [0x0124FDC3+2555331]\nE       \tOrdinal0 [0x011E77F1+2127857]\nE       \tOrdinal0 [0x010E2E08+1060360]\nE       \tOrdinal0 [0x0110E49E+1238174]\nE       \tOrdinal0 [0x0110E69B+1238683]\nE       \tOrdinal0 [0x01139252+1413714]\nE       \tOrdinal0 [0x01127B54+1342292]\nE       \tOrdinal0 [0x011375FA+1406458]\nE       \tOrdinal0 [0x01127976+1341814]\nE       \tOrdinal0 [0x011036B6+1193654]\nE       \tOrdinal0 [0x01104546+1197382]\nE       \tGetHandleVerifier [0x013E9622+1619522]\nE       \tGetHandleVerifier [0x0149882C+2336844]\nE       \tGetHandleVerifier [0x012E23E1+541697]\nE       \tGetHandleVerifier [0x012E1443+537699]\nE       \tOrdinal0 [0x011ED18E+2150798]\nE       \tOrdinal0 [0x011F1518+2168088]\nE       \tOrdinal0 [0x011F1660+2168416]\nE       \tOrdinal0 [0x011FB330+2208560]\nE       \tBaseThreadInitThunk [0x7737FA29+25]\nE       \tRtlGetAppContainerNamedObjectPath [0x77D97A9E+286]\nE       \tRtlGetAppContainerNamedObjectPath [0x77D97A6E+238]\n\nvenv\\lib\\site-packages\\selenium\\webdriver\\support\\wait.py:89: TimeoutException"}, "steps": [{"name": "открытие страницы логина", "status": "passed", "start": 1643573898308, "stop": 1643573899402}, {"name": "ввод логина", "status": "passed", "start": 1643573899403, "stop": 1643573899637}, {"name": "ввод пароля", "status": "passed", "start": 1643573899637, "stop": 1643573900561}, {"name": "открытие почтового ящика, т.к. идем через костыль", "status": "passed", "start": 1643573902562, "stop": 1643573905480}, {"name": "подсчет сообщений с нужным текстом", "status": "passed", "start": 1643573905480, "stop": 1643573905982}, {"name": "создание сообщения", "status": "passed", "start": 1643573905982, "stop": 1643573906037}, {"name": "ввод адресата", "status": "passed", "start": 1643573908039, "stop": 1643573908314}, {"name": "ввод темы", "status": "passed", "start": 1643573908314, "stop": 1643573908444}, {"name": "ввод текста сообщения", "status": "passed", "start": 1643573908444, "stop": 1643573908597}, {"name": "отправка сообщения", "status": "broken", "statusDetails": {"message": "selenium.common.exceptions.TimeoutException: Message: Can't find element by locator ('xpath', '/html/body/div[23]/div/div/div/div[1]/div[3]/div[1]/div[1]/div/div/div/div[3]/div/div/div[4]/table/tbody/tr/td[2]/table/tbody/tr[2]/td/div/div/div[4]/table/tbody/tr/td[1]/div/div[2]/div[1]')\nStacktrace:\nBacktrace:\n\tOrdinal0 [0x0124FDC3+2555331]\n\tOrdinal0 [0x011E77F1+2127857]\n\tOrdinal0 [0x010E2E08+1060360]\n\tOrdinal0 [0x0110E49E+1238174]\n\tOrdinal0 [0x0110E69B+1238683]\n\tOrdinal0 [0x01139252+1413714]\n\tOrdinal0 [0x01127B54+1342292]\n\tOrdinal0 [0x011375FA+1406458]\n\tOrdinal0 [0x01127976+1341814]\n\tOrdinal0 [0x011036B6+1193654]\n\tOrdinal0 [0x01104546+1197382]\n\tGetHandleVerifier [0x013E9622+1619522]\n\tGetHandleVerifier [0x0149882C+2336844]\n\tGetHandleVerifier [0x012E23E1+541697]\n\tGetHandleVerifier [0x012E1443+537699]\n\tOrdinal0 [0x011ED18E+2150798]\n\tOrdinal0 [0x011F1518+2168088]\n\tOrdinal0 [0x011F1660+2168416]\n\tOrdinal0 [0x011FB330+2208560]\n\tBaseThreadInitThunk [0x7737FA29+25]\n\tRtlGetAppContainerNamedObjectPath [0x77D97A9E+286]\n\tRtlGetAppContainerNamedObjectPath [0x77D97A6E+238]\n\n", "trace": "  File \"G:\\learning\\python\\simbirSoftTest\\test_mail_page.py\", line 54, in test_login_and_send_message\n    page.button_click(flag='send')\n  File \"G:\\learning\\python\\simbirSoftTest\\pages\\mail_page.py\", line 21, in button_click\n    return self.find_element(MailBoxPageLocators.SEND_KEY).click()\n  File \"G:\\learning\\python\\simbirSoftTest\\pages\\base_page.py\", line 14, in find_element\n    return WebDriverWait(self.browser, time).until(EC.presence_of_element_located(locator),\n  File \"g:\\learning\\python\\simbirsofttest\\venv\\lib\\site-packages\\selenium\\webdriver\\support\\wait.py\", line 89, in until\n    raise TimeoutException(message, screen, stacktrace)\n"}, "start": 1643573908597, "stop": 1643573919121}], "attachments": [{"name": "stdout", "source": "a4127b9f-8410-4369-ac54-2a2cfb34c48e-attachment.txt", "type": "text/plain"}], "start": 1643573898308, "stop": 1643573919122, "uuid": "1379a1d3-7ccb-41ef-9541-5005a506085f", "historyId": "e93c1f98001734255c6c5f2eb5c11402", "testCaseId": "4db7d8966a689666a977601e2816c0ba", "fullName": "test_mail_page#test_login_and_send_message", "labels": [{"name": "story", "value": "Тест входа в почтовый ящик, подсчета определенных сообщений и отправки их количества"}, {"name": "feature", "value": "MailTest"}, {"name": "suite", "value": "test_mail_page"}, {"name": "host", "value": "DESKTOP-65A44T6"}, {"name": "thread", "value": "22032-MainThread"}, {"name": "framework", "value": "pytest"}, {"name": "language", "value": "cpython3"}, {"name": "package", "value": "test_mail_page"}]}